<?xml version="1.0" encoding="UTF-8"?>
<!-- Generated by org.testng.reporters.JUnitReportReporter -->
<testsuite skipped="0" hostname="DESKTOP-0R40V6C" name="com.jlc.demo1.Test3" tests="2" failures="0" timestamp="05 Nov 2017 11:30:17 GMT" time="48.570" errors="0">
  <testcase name="searchApache" time="36.456" classname="com.jlc.demo1.Test3"/>
  <testcase name="searchApache" time="12.114" classname="com.jlc.demo1.Test3"/>
</testsuite> <!-- com.jlc.demo1.Test3 -->
