<?xml version="1.0" encoding="UTF-8"?>
<!-- Generated by org.testng.reporters.JUnitReportReporter -->
<testsuite skipped="1" hostname="DESKTOP-0R40V6C" name="com.jlc.demo1.Test3" tests="2" failures="0" timestamp="06 Nov 2017 03:50:26 GMT" time="17.065" errors="0">
  <testcase name="searchApache" time="17.065" classname="com.jlc.demo1.Test3"/>
  <testcase name="searchApache" time="0.000" classname="com.jlc.demo1.Test3">
    <skipped/>
  </testcase> <!-- searchApache -->
</testsuite> <!-- com.jlc.demo1.Test3 -->
