<?xml version="1.0" encoding="UTF-8"?>
<!-- Generated by org.testng.reporters.JUnitReportReporter -->
<testsuite skipped="0" hostname="DESKTOP-0R40V6C" name="com.jlc.demo1.Test2" tests="2" failures="0" timestamp="07 Nov 2017 16:53:17 GMT" time="84.737" errors="0">
  <testcase name="searchSelenium" time="57.279" classname="com.jlc.demo1.Test2"/>
  <testcase name="searchSelenium" time="27.458" classname="com.jlc.demo1.Test2"/>
</testsuite> <!-- com.jlc.demo1.Test2 -->
