<?xml version="1.0" encoding="UTF-8"?>
<!-- Generated by org.testng.reporters.JUnitReportReporter -->
<testsuite skipped="0" hostname="DESKTOP-0R40V6C" name="com.jlc.demo1.Test3" tests="2" failures="0" timestamp="07 Nov 2017 16:53:17 GMT" time="35.374" errors="0">
  <testcase name="searchApache" time="19.593" classname="com.jlc.demo1.Test3"/>
  <testcase name="searchApache" time="15.781" classname="com.jlc.demo1.Test3"/>
</testsuite> <!-- com.jlc.demo1.Test3 -->
